14:46:27: Creating resource group General
14:46:27: Creating resource group Internal
14:46:27: Creating resource group Autodetect
14:46:27: Registering ResourceManager for type Mesh
14:46:27: Registering ResourceManager for type Material
14:46:27: Registering ResourceManager for type Skeleton
14:46:27: XMLMeshSerializer reading mesh data from /home/rileya/LD48/LD26/media/models/SpotBeam.mesh.xml...
14:46:27: Reading submeshes...
14:46:27: Reading geometry...
14:46:27: Geometry done...
14:46:27: Submeshes done.
14:46:27: XMLMeshSerializer import successful.
14:46:27: Reorganising vertex buffers to automatic layout..
14:46:27: MeshSerializer writing mesh data to stream ...
14:46:27: File header written.
14:46:27: Writing mesh data...
14:46:27: Writing submesh...
14:46:27: Exporting submesh texture aliases...
14:46:27: Submesh texture aliases exported.
14:46:27: Submesh exported.
14:46:27: Exporting bounds information....
14:46:27: Bounds information exported.
14:46:27: Exporting submesh name table...
14:46:27: Submesh name table exported.
14:46:27: Exporting edge lists...
14:46:27: Edge lists exported
14:46:27: Mesh data exported.
14:46:27: MeshSerializer export successful.
14:46:27: Unregistering ResourceManager for type Skeleton
14:46:27: Unregistering ResourceManager for type Material
14:46:27: Unregistering ResourceManager for type Mesh
